TN:
SF:src\modules\appointments\services\CreateAppointmentService.ts
FN:41,Object.<anonymous>
FN:41,Object.<anonymous>.__decorate
FN:41,Object.<anonymous>.__metadata
FN:41,Object.<anonymous>.__param
FN:41,Object.<anonymous>.__awaiter
FN:41,adopt
FN:41,fulfilled
FN:41,rejected
FN:41,step
FN:41,Object.<anonymous>.__generator
FN:41,sent
FN:41,g.<computed>
FN:41,verb
FN:41,step
FN:41,Object.<anonymous>.__importDefault
FN:17,CreateAppointmentService
FN:22,Object.<anonymous>.CreateAppointmentService.execute
FNF:17
FNH:15
FNDA:1,Object.<anonymous>
FNDA:1,Object.<anonymous>.__decorate
FNDA:1,Object.<anonymous>.__metadata
FNDA:1,Object.<anonymous>.__param
FNDA:3,Object.<anonymous>.__awaiter
FNDA:5,adopt
FNDA:5,fulfilled
FNDA:0,rejected
FNDA:7,step
FNDA:3,Object.<anonymous>.__generator
FNDA:5,sent
FNDA:0,g.<computed>
FNDA:9,verb
FNDA:8,step
FNDA:1,Object.<anonymous>.__importDefault
FNDA:2,CreateAppointmentService
FNDA:3,Object.<anonymous>.CreateAppointmentService.execute
DA:1,1
DA:2,1
DA:3,1
DA:4,1
DA:5,1
DA:6,1
DA:7,1
DA:8,1
DA:9,1
DA:10,1
DA:11,1
DA:12,1
DA:13,1
DA:14,1
DA:15,1
DA:16,1
DA:17,1
DA:18,2
DA:19,2
DA:20,2
DA:21,1
DA:22,1
DA:23,3
DA:24,3
DA:25,3
DA:26,3
DA:27,3
DA:28,3
DA:29,3
DA:30,1
DA:31,1
DA:32,2
DA:33,2
DA:34,2
DA:35,2
DA:36,2
DA:37,3
DA:38,3
DA:39,3
DA:40,1
DA:41,1
LF:41
LH:41
BRDA:41,0,0,1
BRDA:41,1,0,1
BRDA:41,2,0,1
BRDA:41,3,0,0
BRDA:41,4,0,0
BRDA:41,5,0,0
BRDA:41,6,0,0
BRDA:41,7,0,1
BRDA:41,8,0,1
BRDA:41,9,0,1
BRDA:41,10,0,3
BRDA:41,11,0,5
BRDA:41,12,0,0
BRDA:41,13,0,3
BRDA:41,14,0,5
BRDA:41,15,0,4
BRDA:41,16,0,1
BRDA:41,17,0,7
BRDA:41,18,0,2
BRDA:41,19,0,5
BRDA:41,20,0,3
BRDA:41,21,0,5
BRDA:41,22,0,0
BRDA:41,23,0,9
BRDA:41,24,0,8
BRDA:41,25,0,8
BRDA:41,26,0,0
BRDA:41,27,0,16
BRDA:41,28,0,0
BRDA:41,29,0,0
BRDA:41,30,0,0
BRDA:41,31,0,0
BRDA:41,32,0,8
BRDA:41,33,0,8
BRDA:41,34,0,5
BRDA:41,35,0,0
BRDA:41,36,0,0
BRDA:41,37,0,3
BRDA:41,38,0,0
BRDA:41,39,0,2
BRDA:41,40,0,0
BRDA:41,41,0,0
BRDA:41,42,0,0
BRDA:41,43,0,0
BRDA:41,44,0,8
BRDA:41,45,0,7
BRDA:41,46,0,1
BRDA:41,47,0,8
BRDA:41,48,0,3
BRDA:41,49,0,1
BRDA:41,50,0,2
BRDA:41,51,0,0
BRDA:41,52,0,1
BRDA:41,53,0,0
BRDA:16,54,0,1
BRDA:17,55,0,2
BRDA:22,56,0,3
BRDA:41,57,0,3
BRDA:41,58,0,8
BRDA:41,59,0,3
BRDA:41,60,0,3
BRDA:29,61,0,1
BRDA:31,62,0,2
BRDA:41,63,0,2
BRF:64
BRH:44
end_of_record
TN:
SF:src\modules\users\services\AuthenticateUserService.ts
FN:59,Object.<anonymous>
FN:59,Object.<anonymous>.__decorate
FN:59,Object.<anonymous>.__metadata
FN:59,Object.<anonymous>.__param
FN:59,Object.<anonymous>.__awaiter
FN:59,adopt
FN:59,fulfilled
FN:59,rejected
FN:59,step
FN:59,Object.<anonymous>.__generator
FN:59,sent
FN:59,g.<computed>
FN:59,verb
FN:59,step
FN:59,Object.<anonymous>.__importDefault
FN:22,AuthenticateUserService
FN:30,Object.<anonymous>.AuthenticateUserService.execute
FNF:17
FNH:15
FNDA:1,Object.<anonymous>
FNDA:1,Object.<anonymous>.__decorate
FNDA:1,Object.<anonymous>.__metadata
FNDA:2,Object.<anonymous>.__param
FNDA:3,Object.<anonymous>.__awaiter
FNDA:5,adopt
FNDA:5,fulfilled
FNDA:0,rejected
FNDA:6,step
FNDA:3,Object.<anonymous>.__generator
FNDA:5,sent
FNDA:0,g.<computed>
FNDA:9,verb
FNDA:8,step
FNDA:2,Object.<anonymous>.__importDefault
FNDA:3,AuthenticateUserService
FNDA:3,Object.<anonymous>.AuthenticateUserService.execute
DA:1,1
DA:2,1
DA:3,1
DA:4,1
DA:5,1
DA:6,1
DA:7,1
DA:8,1
DA:9,1
DA:10,1
DA:11,1
DA:12,1
DA:13,1
DA:14,1
DA:15,1
DA:16,1
DA:17,1
DA:18,1
DA:19,1
DA:20,1
DA:21,1
DA:22,1
DA:23,3
DA:24,3
DA:25,3
DA:26,3
DA:27,3
DA:28,3
DA:29,1
DA:30,1
DA:31,3
DA:32,3
DA:33,3
DA:34,1
DA:35,1
DA:36,2
DA:37,2
DA:38,2
DA:39,2
DA:40,2
DA:41,3
DA:42,3
DA:43,1
DA:44,1
DA:45,1
DA:46,1
DA:47,1
DA:48,1
DA:49,1
DA:50,1
DA:51,1
DA:52,1
DA:53,1
DA:54,1
DA:55,1
DA:56,1
DA:57,3
DA:58,1
DA:59,1
LF:59
LH:59
BRDA:59,0,0,1
BRDA:59,1,0,1
BRDA:59,2,0,1
BRDA:59,3,0,0
BRDA:59,4,0,0
BRDA:59,5,0,0
BRDA:59,6,0,0
BRDA:59,7,0,1
BRDA:59,8,0,2
BRDA:59,9,0,2
BRDA:59,10,0,3
BRDA:59,11,0,5
BRDA:59,12,0,0
BRDA:59,13,0,3
BRDA:59,14,0,5
BRDA:59,15,0,3
BRDA:59,16,0,2
BRDA:59,17,0,6
BRDA:59,18,0,1
BRDA:59,19,0,5
BRDA:59,20,0,3
BRDA:59,21,0,5
BRDA:59,22,0,0
BRDA:59,23,0,9
BRDA:59,24,0,8
BRDA:59,25,0,8
BRDA:59,26,0,0
BRDA:59,27,0,16
BRDA:59,28,0,0
BRDA:59,29,0,0
BRDA:59,30,0,0
BRDA:59,31,0,0
BRDA:59,32,0,8
BRDA:59,33,0,8
BRDA:59,34,0,5
BRDA:59,35,0,0
BRDA:59,36,0,0
BRDA:59,37,0,3
BRDA:59,38,0,0
BRDA:59,39,0,1
BRDA:59,40,0,0
BRDA:59,41,0,0
BRDA:59,42,0,0
BRDA:59,43,0,0
BRDA:59,44,0,8
BRDA:59,45,0,6
BRDA:59,46,0,2
BRDA:59,47,0,8
BRDA:59,48,0,3
BRDA:59,49,0,2
BRDA:59,50,0,1
BRDA:59,51,0,0
BRDA:59,52,0,2
BRDA:59,53,0,0
BRDA:21,54,0,1
BRDA:22,55,0,3
BRDA:30,56,0,3
BRDA:59,57,0,3
BRDA:59,58,0,8
BRDA:31,59,0,3
BRDA:59,60,0,3
BRDA:33,61,0,1
BRDA:35,62,0,2
BRDA:59,63,0,2
BRDA:42,64,0,1
BRF:65
BRH:45
end_of_record
TN:
SF:src\modules\users\services\CreateUserService.ts
FN:42,Object.<anonymous>
FN:42,Object.<anonymous>.__decorate
FN:42,Object.<anonymous>.__metadata
FN:42,Object.<anonymous>.__param
FN:42,Object.<anonymous>.__awaiter
FN:42,adopt
FN:42,fulfilled
FN:42,rejected
FN:42,step
FN:42,Object.<anonymous>.__generator
FN:42,sent
FN:42,g.<computed>
FN:42,verb
FN:42,step
FN:42,Object.<anonymous>.__importDefault
FN:16,CreateUserService
FN:24,Object.<anonymous>.CreateUserService.execute
FNF:17
FNH:15
FNDA:2,Object.<anonymous>
FNDA:2,Object.<anonymous>.__decorate
FNDA:2,Object.<anonymous>.__metadata
FNDA:4,Object.<anonymous>.__param
FNDA:5,Object.<anonymous>.__awaiter
FNDA:13,adopt
FNDA:13,fulfilled
FNDA:0,rejected
FNDA:17,step
FNDA:5,Object.<anonymous>.__generator
FNDA:13,sent
FNDA:0,g.<computed>
FNDA:15,verb
FNDA:18,step
FNDA:2,Object.<anonymous>.__importDefault
FNDA:4,CreateUserService
FNDA:5,Object.<anonymous>.CreateUserService.execute
DA:1,1
DA:2,1
DA:3,1
DA:4,1
DA:5,1
DA:6,1
DA:7,1
DA:8,1
DA:9,1
DA:10,1
DA:11,1
DA:12,1
DA:13,1
DA:14,1
DA:15,2
DA:16,2
DA:17,4
DA:18,4
DA:19,4
DA:20,4
DA:21,4
DA:22,4
DA:23,2
DA:24,2
DA:25,5
DA:26,5
DA:27,5
DA:28,1
DA:29,1
DA:30,4
DA:31,4
DA:32,5
DA:33,5
DA:34,5
DA:35,5
DA:36,5
DA:37,5
DA:38,5
DA:39,5
DA:40,5
DA:41,2
DA:42,1
LF:42
LH:42
BRDA:42,0,0,2
BRDA:42,1,0,2
BRDA:42,2,0,2
BRDA:42,3,0,0
BRDA:42,4,0,0
BRDA:42,5,0,0
BRDA:42,6,0,0
BRDA:42,7,0,2
BRDA:42,8,0,4
BRDA:42,9,0,4
BRDA:42,10,0,5
BRDA:42,11,0,13
BRDA:42,12,0,0
BRDA:42,13,0,5
BRDA:42,14,0,13
BRDA:42,15,0,12
BRDA:42,16,0,1
BRDA:42,17,0,17
BRDA:42,18,0,4
BRDA:42,19,0,13
BRDA:42,20,0,5
BRDA:42,21,0,13
BRDA:42,22,0,0
BRDA:42,23,0,15
BRDA:42,24,0,18
BRDA:42,25,0,18
BRDA:42,26,0,0
BRDA:42,27,0,36
BRDA:42,28,0,0
BRDA:42,29,0,0
BRDA:42,30,0,0
BRDA:42,31,0,0
BRDA:42,32,0,18
BRDA:42,33,0,18
BRDA:42,34,0,13
BRDA:42,35,0,0
BRDA:42,36,0,0
BRDA:42,37,0,5
BRDA:42,38,0,0
BRDA:42,39,0,4
BRDA:42,40,0,0
BRDA:42,41,0,0
BRDA:42,42,0,0
BRDA:42,43,0,0
BRDA:42,44,0,28
BRDA:42,45,0,18
BRDA:42,46,0,17
BRDA:42,47,0,1
BRDA:42,48,0,18
BRDA:42,49,0,5
BRDA:42,50,0,1
BRDA:42,51,0,4
BRDA:42,52,0,0
BRDA:42,53,0,2
BRDA:42,54,0,0
BRDA:15,55,0,2
BRDA:16,56,0,4
BRDA:24,57,0,5
BRDA:42,58,0,5
BRDA:42,59,0,18
BRDA:25,60,0,5
BRDA:42,61,0,5
BRDA:27,62,0,1
BRDA:29,63,0,4
BRDA:42,64,0,4
BRDA:42,65,0,4
BRF:66
BRH:46
end_of_record
TN:
SF:src\modules\users\services\UpdateUserAvatarService.ts
FN:43,Object.<anonymous>
FN:43,Object.<anonymous>.__decorate
FN:43,Object.<anonymous>.__metadata
FN:43,Object.<anonymous>.__param
FN:43,Object.<anonymous>.__awaiter
FN:43,adopt
FN:43,fulfilled
FN:43,rejected
FN:43,step
FN:43,Object.<anonymous>.__generator
FN:43,sent
FN:43,g.<computed>
FN:43,verb
FN:43,step
FN:43,Object.<anonymous>.__importDefault
FN:16,UpdateUserAvatarService
FN:24,Object.<anonymous>.UpdateUserAvatarService.execute
FNF:17
FNH:15
FNDA:1,Object.<anonymous>
FNDA:1,Object.<anonymous>.__decorate
FNDA:1,Object.<anonymous>.__metadata
FNDA:2,Object.<anonymous>.__param
FNDA:4,Object.<anonymous>.__awaiter
FNDA:11,adopt
FNDA:11,fulfilled
FNDA:0,rejected
FNDA:14,step
FNDA:4,Object.<anonymous>.__generator
FNDA:11,sent
FNDA:0,g.<computed>
FNDA:12,verb
FNDA:15,step
FNDA:1,Object.<anonymous>.__importDefault
FNDA:3,UpdateUserAvatarService
FNDA:4,Object.<anonymous>.UpdateUserAvatarService.execute
DA:1,1
DA:2,1
DA:3,1
DA:4,1
DA:5,1
DA:6,1
DA:7,1
DA:8,1
DA:9,1
DA:10,1
DA:11,1
DA:12,1
DA:13,1
DA:14,1
DA:15,1
DA:16,1
DA:17,3
DA:18,3
DA:19,3
DA:20,3
DA:21,3
DA:22,3
DA:23,1
DA:24,1
DA:25,4
DA:26,4
DA:27,4
DA:28,1
DA:29,1
DA:30,3
DA:31,3
DA:32,1
DA:33,4
DA:34,4
DA:35,4
DA:36,4
DA:37,4
DA:38,4
DA:39,4
DA:40,4
DA:41,4
DA:42,1
DA:43,1
LF:43
LH:43
BRDA:43,0,0,1
BRDA:43,1,0,1
BRDA:43,2,0,1
BRDA:43,3,0,0
BRDA:43,4,0,0
BRDA:43,5,0,0
BRDA:43,6,0,0
BRDA:43,7,0,1
BRDA:43,8,0,2
BRDA:43,9,0,2
BRDA:43,10,0,4
BRDA:43,11,0,11
BRDA:43,12,0,0
BRDA:43,13,0,4
BRDA:43,14,0,11
BRDA:43,15,0,10
BRDA:43,16,0,1
BRDA:43,17,0,14
BRDA:43,18,0,3
BRDA:43,19,0,11
BRDA:43,20,0,4
BRDA:43,21,0,11
BRDA:43,22,0,0
BRDA:43,23,0,12
BRDA:43,24,0,15
BRDA:43,25,0,15
BRDA:43,26,0,0
BRDA:43,27,0,32
BRDA:43,28,0,0
BRDA:43,29,0,0
BRDA:43,30,0,0
BRDA:43,31,0,0
BRDA:43,32,0,15
BRDA:43,33,0,15
BRDA:43,34,0,11
BRDA:43,35,0,0
BRDA:43,36,0,0
BRDA:43,37,0,6
BRDA:43,38,0,0
BRDA:43,39,0,5
BRDA:43,40,0,4
BRDA:43,41,0,2
BRDA:43,42,0,0
BRDA:43,43,0,2
BRDA:43,44,0,0
BRDA:43,45,0,0
BRDA:43,46,0,0
BRDA:43,47,0,17
BRDA:43,48,0,16
BRDA:43,49,0,1
BRDA:43,50,0,17
BRDA:43,51,0,4
BRDA:43,52,0,1
BRDA:43,53,0,3
BRDA:43,54,0,0
BRDA:43,55,0,1
BRDA:43,56,0,0
BRDA:15,57,0,1
BRDA:16,58,0,3
BRDA:24,59,0,4
BRDA:43,60,0,4
BRDA:43,61,0,17
BRDA:25,62,0,4
BRDA:43,63,0,4
BRDA:27,64,0,1
BRDA:29,65,0,3
BRDA:31,66,0,2
BRDA:31,67,0,1
BRDA:43,68,0,1
BRDA:35,69,0,3
BRDA:43,70,0,3
BRDA:43,71,0,3
BRF:72
BRH:52
end_of_record
